{"level":"info","message":"Hello from test project","service":"test-project-api"}
{"level":"info","message":"::1 - - [09/Nov/2025:02:14:33 +0000] \"GET / HTTP/1.1\" 304 - \"-\" \"Mozilla/5.0 (Windows NT 10.0; Win64; x64) AppleWebKit/537.36 (KHTML, like Gecko) Chrome/141.0.0.0 Safari/537.36\"","service":"test-project-api"}
{"level":"info","message":"Hello from test project","service":"test-project-api"}
{"level":"info","message":"::1 - - [09/Nov/2025:02:14:36 +0000] \"GET / HTTP/1.1\" 304 - \"-\" \"Mozilla/5.0 (Windows NT 10.0; Win64; x64) AppleWebKit/537.36 (KHTML, like Gecko) Chrome/141.0.0.0 Safari/537.36\"","service":"test-project-api"}
{"level":"info","message":"Hello from test project","service":"test-project-api"}
{"level":"info","message":"::1 - - [09/Nov/2025:02:15:38 +0000] \"GET / HTTP/1.1\" 304 - \"-\" \"Mozilla/5.0 (Windows NT 10.0; Win64; x64) AppleWebKit/537.36 (KHTML, like Gecko) Chrome/141.0.0.0 Safari/537.36\"","service":"test-project-api"}
{"level":"info","message":"Hello from test project","service":"test-project-api"}
{"level":"info","message":"::1 - - [09/Nov/2025:02:15:53 +0000] \"GET / HTTP/1.1\" 304 - \"-\" \"Mozilla/5.0 (Windows NT 10.0; Win64; x64) AppleWebKit/537.36 (KHTML, like Gecko) Chrome/141.0.0.0 Safari/537.36\"","service":"test-project-api"}
{"level":"info","message":"Listening on http://localhost:3000","service":"test-project-api","timestamp":"2025-11-09T02:24:24.521Z"}
{"level":"info","message":"Listening on http://localhost:3000","service":"test-project-api","timestamp":"2025-11-09T02:24:24.526Z"}
{"level":"info","message":"Listening on http://localhost:3000","service":"test-project-api","timestamp":"2025-11-09T02:28:06.662Z"}
{"level":"info","message":"Hello from test project","service":"test-project-api","timestamp":"2025-11-09T02:28:12.277Z"}
{"level":"info","message":"::1 - - [09/Nov/2025:02:28:12 +0000] \"GET / HTTP/1.1\" 304 - \"-\" \"Mozilla/5.0 (Windows NT 10.0; Win64; x64) AppleWebKit/537.36 (KHTML, like Gecko) Chrome/141.0.0.0 Safari/537.36\"","service":"test-project-api","timestamp":"2025-11-09T02:28:12.288Z"}
{"level":"info","message":"Hello from test project","service":"test-project-api","timestamp":"2025-11-09T02:28:35.758Z"}
{"level":"info","message":"::1 - - [09/Nov/2025:02:28:35 +0000] \"GET / HTTP/1.1\" 304 - \"-\" \"Mozilla/5.0 (Windows NT 10.0; Win64; x64) AppleWebKit/537.36 (KHTML, like Gecko) Chrome/141.0.0.0 Safari/537.36\"","service":"test-project-api","timestamp":"2025-11-09T02:28:35.769Z"}
{"level":"info","message":"Hello from tests project","service":"test-project-api","timestamp":"2025-11-09T02:29:34.186Z"}
{"level":"info","message":"::1 - - [09/Nov/2025:02:29:34 +0000] \"GET / HTTP/1.1\" 304 - \"-\" \"Mozilla/5.0 (Windows NT 10.0; Win64; x64) AppleWebKit/537.36 (KHTML, like Gecko) Chrome/141.0.0.0 Safari/537.36\"","service":"test-project-api","timestamp":"2025-11-09T02:29:34.197Z"}
{"level":"info","message":"Hello from test project","service":"test-project-api","timestamp":"2025-11-09T06:16:02.449Z"}
{"level":"info","message":"::1 - - [09/Nov/2025:06:16:02 +0000] \"GET / HTTP/1.1\" 200 23 \"-\" \"PostmanRuntime/7.48.0\"","service":"test-project-api","timestamp":"2025-11-09T06:16:02.532Z"}
{"level":"info","message":"::1 - - [09/Nov/2025:06:17:05 +0000] \"GET /api HTTP/1.1\" 200 41 \"-\" \"PostmanRuntime/7.48.0\"","service":"test-project-api","timestamp":"2025-11-09T06:17:05.406Z"}
{"level":"info","message":"::1 - - [09/Nov/2025:06:17:12 +0000] \"GET /health HTTP/1.1\" 200 75 \"-\" \"PostmanRuntime/7.48.0\"","service":"test-project-api","timestamp":"2025-11-09T06:17:12.497Z"}
{"level":"info","message":"::1 - - [09/Nov/2025:06:18:04 +0000] \"POST /api/auth/sign-in HTTP/1.1\" 404 156 \"-\" \"PostmanRuntime/7.48.0\"","service":"test-project-api","timestamp":"2025-11-09T06:18:04.472Z"}
{"level":"info","message":"::1 - - [09/Nov/2025:08:59:10 +0000] \"POST /api/auth/sign-up HTTP/1.1\" 404 156 \"-\" \"PostmanRuntime/7.50.0\"","service":"test-project-api","timestamp":"2025-11-09T08:59:10.699Z"}
{"level":"info","message":"::1 - - [09/Nov/2025:09:01:22 +0000] \"POST /api/auth/sign-up HTTP/1.1\" 404 156 \"-\" \"PostmanRuntime/7.50.0\"","service":"test-project-api","timestamp":"2025-11-09T09:01:22.269Z"}
{"level":"error","message":"signup error Cannot destructure property 'name' of 'validationResult.date' as it is undefined.","service":"test-project-api","stack":"TypeError: Cannot destructure property 'name' of 'validationResult.date' as it is undefined.\n    at signup (file:///D:/Test-project/src/controllers/auth.controller.js:16:13)\n    at Layer.handleRequest (D:\\Test-project\\node_modules\\router\\lib\\layer.js:152:17)\n    at next (D:\\Test-project\\node_modules\\router\\lib\\route.js:157:13)\n    at Route.dispatch (D:\\Test-project\\node_modules\\router\\lib\\route.js:117:3)\n    at handle (D:\\Test-project\\node_modules\\router\\index.js:435:11)\n    at Layer.handleRequest (D:\\Test-project\\node_modules\\router\\lib\\layer.js:152:17)\n    at D:\\Test-project\\node_modules\\router\\index.js:295:15\n    at processParams (D:\\Test-project\\node_modules\\router\\index.js:582:12)\n    at next (D:\\Test-project\\node_modules\\router\\index.js:291:5)\n    at Function.handle (D:\\Test-project\\node_modules\\router\\index.js:186:3)","timestamp":"2025-11-09T09:03:58.659Z"}
{"level":"info","message":"::1 - - [09/Nov/2025:09:03:58 +0000] \"POST /api/auth/sign-up HTTP/1.1\" 500 1108 \"-\" \"PostmanRuntime/7.50.0\"","service":"test-project-api","timestamp":"2025-11-09T09:03:58.678Z"}
{"level":"info","message":"User registered successfully: kanchana@gmail.com","service":"test-project-api","timestamp":"2025-11-09T09:06:37.551Z"}
{"level":"info","message":"::1 - - [09/Nov/2025:09:06:37 +0000] \"POST /api/auth/sign-up HTTP/1.1\" 201 106 \"-\" \"PostmanRuntime/7.50.0\"","service":"test-project-api","timestamp":"2025-11-09T09:06:37.566Z"}
{"level":"info","message":"User registered successfully: koralage@gmail.com","service":"test-project-api","timestamp":"2025-11-09T09:06:58.326Z"}
{"level":"info","message":"::1 - - [09/Nov/2025:09:06:58 +0000] \"POST /api/auth/sign-up HTTP/1.1\" 201 106 \"-\" \"PostmanRuntime/7.50.0\"","service":"test-project-api","timestamp":"2025-11-09T09:06:58.329Z"}
{"level":"error","message":"signup error createdUser is not defined","service":"test-project-api","stack":"ReferenceError: createdUser is not defined\n    at signup (file:///D:/Test-project/src/controllers/auth.controller.js:19:16)\n    at Layer.handleRequest (D:\\Test-project\\node_modules\\router\\lib\\layer.js:152:17)\n    at next (D:\\Test-project\\node_modules\\router\\lib\\route.js:157:13)\n    at Route.dispatch (D:\\Test-project\\node_modules\\router\\lib\\route.js:117:3)\n    at handle (D:\\Test-project\\node_modules\\router\\index.js:435:11)\n    at Layer.handleRequest (D:\\Test-project\\node_modules\\router\\lib\\layer.js:152:17)\n    at D:\\Test-project\\node_modules\\router\\index.js:295:15\n    at processParams (D:\\Test-project\\node_modules\\router\\index.js:582:12)\n    at next (D:\\Test-project\\node_modules\\router\\index.js:291:5)\n    at Function.handle (D:\\Test-project\\node_modules\\router\\index.js:186:3)","timestamp":"2025-11-09T09:32:40.782Z"}
{"level":"info","message":"::1 - - [09/Nov/2025:09:32:40 +0000] \"POST /api/auth/sign-up HTTP/1.1\" 500 1042 \"-\" \"PostmanRuntime/7.50.0\"","service":"test-project-api","timestamp":"2025-11-09T09:32:40.794Z"}
{"level":"info","message":"::1 - - [09/Nov/2025:09:33:03 +0000] \"POST /api/auth/sign-up HTTP/1.1\" 400 92 \"-\" \"PostmanRuntime/7.50.0\"","service":"test-project-api","timestamp":"2025-11-09T09:33:03.394Z"}
{"level":"error","message":"signup error createdUser is not defined","service":"test-project-api","stack":"ReferenceError: createdUser is not defined\n    at signup (file:///D:/Test-project/src/controllers/auth.controller.js:19:16)\n    at Layer.handleRequest (D:\\Test-project\\node_modules\\router\\lib\\layer.js:152:17)\n    at next (D:\\Test-project\\node_modules\\router\\lib\\route.js:157:13)\n    at Route.dispatch (D:\\Test-project\\node_modules\\router\\lib\\route.js:117:3)\n    at handle (D:\\Test-project\\node_modules\\router\\index.js:435:11)\n    at Layer.handleRequest (D:\\Test-project\\node_modules\\router\\lib\\layer.js:152:17)\n    at D:\\Test-project\\node_modules\\router\\index.js:295:15\n    at processParams (D:\\Test-project\\node_modules\\router\\index.js:582:12)\n    at next (D:\\Test-project\\node_modules\\router\\index.js:291:5)\n    at Function.handle (D:\\Test-project\\node_modules\\router\\index.js:186:3)","timestamp":"2025-11-09T09:33:11.511Z"}
{"level":"info","message":"::1 - - [09/Nov/2025:09:33:11 +0000] \"POST /api/auth/sign-up HTTP/1.1\" 500 1042 \"-\" \"PostmanRuntime/7.50.0\"","service":"test-project-api","timestamp":"2025-11-09T09:33:11.513Z"}
{"level":"error","message":"signup error password is not defined","service":"test-project-api","stack":"ReferenceError: password is not defined\n    at signup (file:///D:/Test-project/src/controllers/auth.controller.js:20:45)\n    at Layer.handleRequest (D:\\Test-project\\node_modules\\router\\lib\\layer.js:152:17)\n    at next (D:\\Test-project\\node_modules\\router\\lib\\route.js:157:13)\n    at Route.dispatch (D:\\Test-project\\node_modules\\router\\lib\\route.js:117:3)\n    at handle (D:\\Test-project\\node_modules\\router\\index.js:435:11)\n    at Layer.handleRequest (D:\\Test-project\\node_modules\\router\\lib\\layer.js:152:17)\n    at D:\\Test-project\\node_modules\\router\\index.js:295:15\n    at processParams (D:\\Test-project\\node_modules\\router\\index.js:582:12)\n    at next (D:\\Test-project\\node_modules\\router\\index.js:291:5)\n    at Function.handle (D:\\Test-project\\node_modules\\router\\index.js:186:3)","timestamp":"2025-11-09T09:36:16.860Z"}
{"level":"info","message":"::1 - - [09/Nov/2025:09:36:16 +0000] \"POST /api/auth/sign-up HTTP/1.1\" 500 1039 \"-\" \"PostmanRuntime/7.50.0\"","service":"test-project-api","timestamp":"2025-11-09T09:36:16.870Z"}
{"level":"info","message":"user koralage1@gmail.com created successfully","service":"test-project-api","timestamp":"2025-11-09T09:39:11.182Z"}
{"level":"error","message":"signup error cookies is not defined","service":"test-project-api","stack":"ReferenceError: cookies is not defined\n    at signup (file:///D:/Test-project/src/controllers/auth.controller.js:24:5)\n    at process.processTicksAndRejections (node:internal/process/task_queues:105:5)","timestamp":"2025-11-09T09:39:11.192Z"}
{"level":"info","message":"::1 - - [09/Nov/2025:09:39:11 +0000] \"POST /api/auth/sign-up HTTP/1.1\" 500 354 \"-\" \"PostmanRuntime/7.50.0\"","service":"test-project-api","timestamp":"2025-11-09T09:39:11.197Z"}
{"level":"error","message":"Error creating the user: Error: Failed query: insert into \"users\" (\"id\", \"name\", \"email\", \"password\", \"role\", \"created_at\", \"updated_at\") values (default, $1, $2, $3, $4, default, default) returning \"id\", \"name\", \"email\", \"role\", \"created_at\"\nparams: koralage1,koralage1@gmail.com,$2b$10$EvQE2x8SOlLdgamvuaWPze1chHXDjR38pEYlvoTrNC4hORV/FO7HO,admin","service":"test-project-api","timestamp":"2025-11-09T09:44:15.536Z"}
{"cause":{"code":"23505","constraint":"users_email_unique","detail":"Key (email)=(koralage1@gmail.com) already exists.","file":"nbtinsert.c","line":"667","name":"NeonDbError","routine":"_bt_check_unique","schema":"public","severity":"ERROR","table":"users"},"level":"error","message":"signup error Failed query: insert into \"users\" (\"id\", \"name\", \"email\", \"password\", \"role\", \"created_at\", \"updated_at\") values (default, $1, $2, $3, $4, default, default) returning \"id\", \"name\", \"email\", \"role\", \"created_at\"\nparams: koralage1,koralage1@gmail.com,$2b$10$EvQE2x8SOlLdgamvuaWPze1chHXDjR38pEYlvoTrNC4hORV/FO7HO,admin","params":["koralage1","koralage1@gmail.com","$2b$10$EvQE2x8SOlLdgamvuaWPze1chHXDjR38pEYlvoTrNC4hORV/FO7HO","admin"],"query":"insert into \"users\" (\"id\", \"name\", \"email\", \"password\", \"role\", \"created_at\", \"updated_at\") values (default, $1, $2, $3, $4, default, default) returning \"id\", \"name\", \"email\", \"role\", \"created_at\"","service":"test-project-api","stack":"Error: Failed query: insert into \"users\" (\"id\", \"name\", \"email\", \"password\", \"role\", \"created_at\", \"updated_at\") values (default, $1, $2, $3, $4, default, default) returning \"id\", \"name\", \"email\", \"role\", \"created_at\"\nparams: koralage1,koralage1@gmail.com,$2b$10$EvQE2x8SOlLdgamvuaWPze1chHXDjR38pEYlvoTrNC4hORV/FO7HO,admin\n    at NeonHttpPreparedQuery.queryWithCache (file:///D:/Test-project/node_modules/drizzle-orm/pg-core/session.js:41:15)\n    at process.processTicksAndRejections (node:internal/process/task_queues:105:5)\n    at async NeonHttpPreparedQuery.execute (file:///D:/Test-project/node_modules/drizzle-orm/neon-http/session.js:45:20)\n    at async createUser (file:///D:/Test-project/src/services/auth.service.js:29:23)\n    at async signup (file:///D:/Test-project/src/controllers/auth.controller.js:21:16)","timestamp":"2025-11-09T09:44:15.553Z"}
{"level":"info","message":"::1 - - [09/Nov/2025:09:44:15 +0000] \"POST /api/auth/sign-up HTTP/1.1\" 500 1143 \"-\" \"PostmanRuntime/7.50.0\"","service":"test-project-api","timestamp":"2025-11-09T09:44:15.562Z"}
{"level":"error","message":"Error creating the user: Error: User already exists","service":"test-project-api","timestamp":"2025-11-09T09:50:19.997Z"}
{"level":"error","message":"signup error User already exists","service":"test-project-api","stack":"Error: User already exists\n    at createUser (file:///D:/Test-project/src/services/auth.service.js:24:13)\n    at process.processTicksAndRejections (node:internal/process/task_queues:105:5)\n    at async signup (file:///D:/Test-project/src/controllers/auth.controller.js:21:16)","timestamp":"2025-11-09T09:50:20.002Z"}
{"level":"info","message":"::1 - - [09/Nov/2025:09:50:20 +0000] \"POST /api/auth/sign-up HTTP/1.1\" 500 441 \"-\" \"PostmanRuntime/7.50.0\"","service":"test-project-api","timestamp":"2025-11-09T09:50:20.009Z"}
{"level":"info","message":"user koralage2@gmail.com created successfully","service":"test-project-api","timestamp":"2025-11-09T09:50:35.661Z"}
{"level":"info","message":"User registered successfully: koralage2@gmail.com","service":"test-project-api","timestamp":"2025-11-09T09:50:35.687Z"}
{"level":"info","message":"::1 - - [09/Nov/2025:09:50:35 +0000] \"POST /api/auth/sign-up HTTP/1.1\" 201 109 \"-\" \"PostmanRuntime/7.50.0\"","service":"test-project-api","timestamp":"2025-11-09T09:50:35.691Z"}
{"level":"info","message":"user koralage3@gmail.com created successfully","service":"test-project-api","timestamp":"2025-11-09T09:51:15.876Z"}
{"level":"info","message":"User registered successfully: koralage3@gmail.com","service":"test-project-api","timestamp":"2025-11-09T09:51:15.878Z"}
{"level":"info","message":"::1 - - [09/Nov/2025:09:51:15 +0000] \"POST /api/auth/sign-up HTTP/1.1\" 201 108 \"-\" \"PostmanRuntime/7.50.0\"","service":"test-project-api","timestamp":"2025-11-09T09:51:15.879Z"}
